Generating HCFA claim 5594-79700 for TIFFANY  MARTINEZ  ZABALA on 2015-01-09 14:38.

Generating HCFA claim 11524-79705 for VIVIENNE  DUARTE on 2015-01-09 14:38.

Generating HCFA claim 1454-79707 for LYA ANAYATZIN ROMAN on 2015-01-09 14:38.

Generating HCFA claim 10574-79709 for ESTEBAN A ROMAN on 2015-01-09 14:38.

Generating HCFA claim 10946-79710 for KEVIN  CASILLAS on 2015-01-09 14:38.

Generating HCFA claim 9132-79714 for VIVIANA  SANTOS on 2015-01-09 14:38.

Generating HCFA claim 7366-79717 for MARIANA  MENDOZA on 2015-01-09 14:38.
*** Procedure '92551' is not justified!
*** Procedure '99173' is not justified!

Generating HCFA claim 7499-79723 for HANNAH NICOLE ANASTASI on 2015-01-09 14:38.

Generating HCFA claim 11784-79729 for SOPHIA  PRESCOTT on 2015-01-09 14:38.

Generating HCFA claim 11601-79732 for JUSTIN  ZAMORA on 2015-01-09 14:38.

Generating HCFA claim 11788-79742 for RYANN  HACKSTEDDE on 2015-01-09 14:38.

Generating HCFA claim 11783-79752 for ELLIS  HACKSTEDDE on 2015-01-09 14:38.

Generating HCFA claim 10537-79756 for NEVAEH  DIAZ GONZALEZ on 2015-01-09 14:38.

Generating HCFA claim 5771-79757 for SHAWNICE  DUARTE on 2015-01-09 14:38.

Generating HCFA claim 4249-79758 for ASHLEY JAQUELINE HERNANDEZ on 2015-01-09 14:38.

Generating HCFA claim 10022-79787 for ALFREDO  COVARRUBIAS on 2015-01-09 14:38.

Generating HCFA claim 3000-79788 for JULIANA  COVARRUBIAS on 2015-01-09 14:38.

Generating HCFA claim 1345-79800 for JOSEPH I VAZQUEZ on 2015-01-09 14:38.

Generating HCFA claim 6372-79809 for ARIEL  TAFOYA on 2015-01-09 14:38.

Generating HCFA claim 11301-79814 for SKYLER F ZILLMAN on 2015-01-09 14:38.

Generating HCFA claim 11827-79820 for ALLEN  SANBURG on 2015-01-09 14:38.

Generating HCFA claim 11774-79823 for ELIAS  KAKAR on 2015-01-09 14:38.

Generating HCFA claim 4892-79826 for JENNIFER  PEDROZA on 2015-01-09 14:38.

Generating HCFA claim 7960-79828 for JOSE  CONTRERAS on 2015-01-09 14:38.

Generating HCFA claim 10575-79834 for LIAM  CAMARGO on 2015-01-09 14:38.

Generating HCFA claim 10817-79840 for DANIELA  REYES on 2015-01-09 14:38.

Generating HCFA claim 10367-79882 for RUBY  CRUZ on 2015-01-09 14:38.

Generating HCFA claim 10052-79896 for BIANCA L PITALLO on 2015-01-09 14:38.

Generating HCFA claim 10721-79898 for CAMRY E STURGEON on 2015-01-09 14:38.

Generating HCFA claim 10951-79900 for MATEO  NINO on 2015-01-09 14:38.

Generating HCFA claim 11814-79901 for CHARLOTTE  KINCAD on 2015-01-09 14:38.

Generating HCFA claim 11756-79905 for GENESIS  BAHENA on 2015-01-09 14:38.

Generating HCFA claim 11723-79907 for IZAIAH A NIEVES on 2015-01-09 14:38.

Generating HCFA claim 11000-79911 for AARON ALEJANDRO ROMAN on 2015-01-09 14:38.

Generating HCFA claim 10388-79913 for CRISTIAN  ROMERO on 2015-01-09 14:38.

Generating HCFA claim 11797-79916 for ANDY  PEREZ GARCIA on 2015-01-09 14:38.
*** Procedure '99391' is not justified!

Generating HCFA claim 2288-79917 for ISAAC  HUERTA on 2015-01-09 14:38.

Generating HCFA claim 4962-79918 for DAVID ALEXIS HUERTA on 2015-01-09 14:38.

Generating HCFA claim 5594-79921 for TIFFANY  MARTINEZ  ZABALA on 2015-01-09 14:38.

Generating HCFA claim 11026-79922 for AMY  CONTRERAS-GUEVARA on 2015-01-09 14:38.

Generating HCFA claim 11010-79923 for ANGEL  ARANDA on 2015-01-09 14:38.

Generating HCFA claim 11801-79927 for JACOB  CASWELL on 2015-01-09 14:38.

Generating HCFA claim 11801-79938 for JACOB  CASWELL on 2015-01-09 14:38.

Generating HCFA claim 10066-79955 for NICOLE  RAMIREZ-ENDON on 2015-01-09 14:38.

Generating HCFA claim 6010-79961 for ADRIENNE KHLOE AMBROSIO on 2015-01-09 14:38.

Generating HCFA claim 8452-79966 for MONICA  SORTO on 2015-01-09 14:38.

Generating HCFA claim 2485-79975 for KEVIN  CARACHURE on 2015-01-09 14:38.

Generating HCFA claim 2409-79980 for HARIS  SOHAIL on 2015-01-09 14:38.

Generating HCFA claim 8884-79983 for AHAD  SOHAIL on 2015-01-09 14:38.

Generating HCFA claim 6696-79988 for MARTIN  FARIAS on 2015-01-09 14:38.

Generating HCFA claim 5155-79992 for YVETTE G CARRENO  MORFIN on 2015-01-09 14:38.

Generating HCFA claim 1051-79994 for LUIS D ALVARADO on 2015-01-09 14:38.

Generating HCFA claim 10141-79998 for BRYAN  LUCERO on 2015-01-09 14:38.
*** Procedure '92551' is not justified!
*** Procedure '99173' is not justified!

Generating HCFA claim 3343-80000 for NEVAEH T VANDERHOFF on 2015-01-09 14:38.

Generating HCFA claim 8461-80009 for JOSHUA  GARCIA on 2015-01-09 14:38.

Generating HCFA claim 8291-80030 for ANNALI  RODRIGUEZ on 2015-01-09 14:38.

Generating HCFA claim 4316-80038 for GISSELL  AVENDANO on 2015-01-09 14:38.

Generating HCFA claim 3972-80040 for JULISSA  AVENDANO on 2015-01-09 14:38.

Generating HCFA claim 10708-80073 for MEGAN  LIU on 2015-01-09 14:38.

Generating HCFA claim 10434-80074 for GABRIELA  RAMIREZ on 2015-01-09 14:38.

Generating HCFA claim 7444-80106 for BRYAN  ACOSTA on 2015-01-09 14:38.

Generating HCFA claim 10508-80107 for KIARA  ALBANESE on 2015-01-09 14:38.

Generating HCFA claim 11074-80108 for CARLOS ARIEL VALDEZ on 2015-01-09 14:38.

Generating HCFA claim 11127-80113 for AKIRA  OTOMO on 2015-01-09 14:38.

Generating HCFA claim 3354-80118 for DULCE M SANCHEZ on 2015-01-09 14:38.

Generating HCFA claim 10938-80122 for MATTHEW  SANCHEZ on 2015-01-09 14:38.

Generating HCFA claim 11159-80126 for ARLETTE  TADEO on 2015-01-09 14:38.

Generating HCFA claim 9953-80127 for HAILEY L GATES on 2015-01-09 14:38.

Generating HCFA claim 11647-80136 for CHRISTOPHER  CORONA on 2015-01-09 14:38.

Generating HCFA claim 11289-80146 for NOAH A FLORES on 2015-01-09 14:38.

Generating HCFA claim 11716-80147 for CROSS  COOPER on 2015-01-09 14:38.
*** Procedure '99391' is not justified!

Generating HCFA claim 10463-80152 for MADISON  HARTMAN on 2015-01-09 14:38.

Generating HCFA claim 11795-80154 for HUNTER L GREER on 2015-01-09 14:38.
*** Procedure '54160' is not justified!

Generating HCFA claim 2210-80156 for CAMILLA  RAMOS on 2015-01-09 14:38.

Generating HCFA claim 11422-80164 for LUCAS  FIGUEROA on 2015-01-09 14:38.

Generating HCFA claim 4711-80184 for HUGO R MEJIA on 2015-01-09 14:38.
*** Procedure '92551' is not justified!
*** Procedure '99173' is not justified!

Generating HCFA claim 1357-80185 for ALYN S MEJIA on 2015-01-09 14:38.
*** Procedure '92551' is not justified!
*** Procedure '99173' is not justified!

Generating HCFA claim 11828-80186 for BABY BOY  LALLANI on 2015-01-09 14:38.

Generating HCFA claim 11828-80196 for BABY BOY  LALLANI on 2015-01-09 14:38.
*** Procedure '99381' is not justified!

Generating HCFA claim 3633-80199 for SADIE  DUFF on 2015-01-09 14:38.

Generating HCFA claim 6682-80201 for JANNET  HERNANDEZ on 2015-01-09 14:38.

Generating HCFA claim 10967-80206 for CHRISTIAN  HERNANDEZ on 2015-01-09 14:38.

Generating HCFA claim 7932-80222 for URIEL  MORAN OLMEDA on 2015-01-09 14:38.

Generating HCFA claim 2344-80225 for BRYAN  MEDRANO on 2015-01-09 14:38.

Generating HCFA claim 11789-80234 for DELAURA  GHAFARI on 2015-01-09 14:38.
*** Procedure '99391' is not justified!

Generating HCFA claim 492-80236 for ALLISON  HERNANDEZ on 2015-01-09 14:38.

Generating HCFA claim 10058-80270 for ADRIAN  ARGUELLO on 2015-01-09 14:38.

Generating HCFA claim 8065-80271 for MARY  VAN AUKEN on 2015-01-09 14:38.

Generating HCFA claim 10197-80273 for CARMEN  LOPEZ on 2015-01-09 14:38.

Generating HCFA claim 11593-80275 for GLENDI  ORELLANA on 2015-01-09 14:38.

Generating HCFA claim 11814-80276 for CHARLOTTE  KINCAD on 2015-01-09 14:38.

Generating HCFA claim 3533-80280 for BRIANNA  DIAZ on 2015-01-09 14:38.

Generating HCFA claim 9381-80284 for FREDERICK M MURJADI on 2015-01-09 14:38.
*** Procedure '99393' is not justified!
*** Procedure '92551' is not justified!

Generating HCFA claim 7699-80287 for ADAM  MARQUINA on 2015-01-09 14:38.

Generating HCFA claim 1320-80288 for TEJ SINGH A ANDHARI on 2015-01-09 14:38.
*** Procedure '99391' is not justified!
*** Procedure '92551' is not justified!
*** Procedure '99173' is not justified!

Generating HCFA claim 6794-80292 for NATALIE F OLIVARES on 2015-01-09 14:38.
*** Procedure '85018' is not justified!

Generating HCFA claim 11495-80299 for EMMA  DELARAM on 2015-01-09 14:38.

Generating HCFA claim 3399-80302 for BRYANT  RIVERA on 2015-01-09 14:38.
*** Procedure '92551' is not justified!
*** Procedure '99173' is not justified!

Generating HCFA claim 3822-80303 for BRENDA  RIVERA on 2015-01-09 14:38.
*** Procedure '99173' is not justified!
*** Procedure '92551' is not justified!

Generating HCFA claim 675-80307 for ALEJANDRA  HUERTA on 2015-01-09 14:38.
*** Procedure '92551' is not justified!
*** Procedure '99173' is not justified!

Generating HCFA claim 10418-80312 for JAMES  KANG on 2015-01-09 14:38.

Generating HCFA claim 9564-80340 for JOHN C VAZQUEZ on 2015-01-09 14:38.
*** Procedure '92551' is not justified!
*** Procedure '99173' is not justified!

Generating HCFA claim 2410-80341 for WAQAS  SOHAIL on 2015-01-09 14:38.

Generating HCFA claim 11521-80354 for KARIM  ZEKRIA on 2015-01-09 14:38.

Generating HCFA claim 10367-80355 for RUBY  CRUZ on 2015-01-09 14:38.

Generating HCFA claim 11694-80365 for MICHAEL  BAHENA on 2015-01-09 14:38.

Generating HCFA claim 11021-80367 for DANIEL A RAMIREZ on 2015-01-09 14:38.

Generating HCFA claim 10620-80375 for LUCAS G MARZI on 2015-01-09 14:38.

Generating HCFA claim 11658-80382 for AIDEN  ALBA on 2015-01-09 14:38.

Generating HCFA claim 3815-80390 for AMAYRANI  LIBORIO on 2015-01-09 14:38.

Generating HCFA claim 5771-80391 for SHAWNICE  DUARTE on 2015-01-09 14:38.

Generating HCFA claim 11828-81024 for BABY BOY  LALLANI on 2015-01-09 14:38.

Generating HCFA claim 11828-81026 for BABY BOY  LALLANI on 2015-01-09 14:38.

Generating HCFA claim 11831-81027 for BABY BOY  ABHARI on 2015-01-09 14:38.

Generating HCFA claim 11830-81033 for BABY GIRL  MBAABU on 2015-01-09 14:38.

